============================================================================================================================================
Log File                                      Dataset         Tasks  Final Acc    Avg Acc      Avg Fgt      Max Fgt      W-NCM Acc    W-NCM Fgt   
============================================================================================================================================
slurm_cifar100_27920190.out                   cifar100        10          86.74%      91.49%       4.39%      10.20%         --         --
slurm_cifar100_28296864.out                   cifar100        10          86.19%      91.39%       4.72%      11.10%      89.87%       8.11%
slurm_cifar100_t20_27938093.out               cifar100        20          81.16%      89.09%       6.89%      17.00%         --         --
slurm_cifar100_t20_28296424.out               cifar100        20          81.09%      89.23%       7.53%      21.60%      88.18%      10.02%
slurm_cifar100_t50_27938094.out               cifar100        50          59.55%      75.15%      19.36%      57.00%         --         --
slurm_cifar100_t50_28296432.out               cifar100        50          60.55%      76.07%      18.64%      47.50%      82.70%      15.96%
slurm_idomainnet_inflora_nowncm_28448901.out  idomainnet      6           39.91%      68.76%      19.35%      33.10%         --         --
slurm_idomainnet_inflora_wncm_28448902.out    idomainnet      6           39.76%      68.57%      19.20%      33.27%      53.96%      27.62%
slurm_imagenetr100_27938096.out               ImageNet_R      100         38.73%      47.15%      14.57%      51.61%         --         --
slurm_imagenetr100_28333001.out               ImageNet_R      100         38.32%      47.14%      14.89%      46.67%      70.24%      21.25%
slurm_imagenetr10_27920188.out                ImageNet_R      10          76.03%      80.37%       6.23%      11.85%         --         --
slurm_imagenetr10_28332815.out                ImageNet_R      10          75.50%      80.05%       6.87%      12.31%      77.52%       8.62%
slurm_imagenetr20_27920189.out                ImageNet_R      20          70.15%      76.29%       8.78%      24.67%         --         --
slurm_imagenetr20_28332856.out                ImageNet_R      20          70.60%      76.47%       7.67%      20.11%      76.23%      11.59%
slurm_imagenetr50_27938095.out                ImageNet_R      50          59.12%      64.91%       9.77%      26.67%         --         --
slurm_imagenetr50_28332986.out                ImageNet_R      50          58.78%      64.49%       9.79%      25.19%      73.90%      15.53%
slurm_multi_cif_imgr_cub_28049251.out         multi_dataset   30           4.19%      13.47%       1.89%      54.10%         --         --
slurm_multi_cif_imgr_cub_28136553.out         multi_dataset   30           4.32%      13.46%       1.85%      52.90%      77.51%      13.83%
slurm_multi_cif_imgr_cub_28138092.out         multi_dataset   30           4.08%      13.36%       1.94%      55.35%      76.05%      15.40%
====================================================================================================

Parsed 19 log files successfully.

====================================================================================================
DETAILED RESULTS
====================================================================================================

slurm_cifar100_27920190.out
  Dataset: cifar100, Tasks: 10, Seed: 42
  Final Average Accuracy (CNN): 86.74%
  Average Accuracy over Tasks (CNN): 91.49%
  Final Average Forgetting (CNN): 4.39%
  Final Max Forgetting (CNN): 10.20%
  CNN Top1 Curve: ['99.40', '96.30', '94.57', '92.88', '91.58', '89.10', '88.10', '87.86', '88.34', '86.74']
  Best per Task: ['99.40', '93.80', '93.60', '91.10', '92.60', '82.30', '88.00', '89.00', '92.80', '84.30']
  Current per Task: ['94.20', '83.60', '85.90', '85.50', '91.30', '79.90', '85.30', '85.40', '92.00', '84.30']

slurm_cifar100_28296864.out
  Dataset: cifar100, Tasks: 10, Seed: 42
  Final Average Accuracy (CNN): 86.19%
  Average Accuracy over Tasks (CNN): 91.39%
  Final Average Forgetting (CNN): 4.72%
  Final Max Forgetting (CNN): 11.10%
  CNN Top1 Curve: ['99.40', '96.35', '94.43', '92.88', '92.06', '88.92', '88.04', '87.76', '87.84', '86.19']
  Best per Task: ['99.40', '93.70', '93.00', '92.40', '93.00', '81.70', '87.50', '88.80', '90.00', '84.90']
  Current per Task: ['94.20', '82.60', '84.80', '87.40', '90.60', '78.20', '84.20', '85.10', '89.90', '84.90']
  Final Average Accuracy (W-NCM): 89.87%
  Average Accuracy over Tasks (W-NCM): 93.53%
  Final Average Forgetting (W-NCM): 8.11%
  Final Max Forgetting (W-NCM): 13.90%
  W-NCM Top1 Curve: ['99.40', '96.85', '95.47', '94.43', '93.36', '92.18', '91.49', '90.97', '91.29', '89.87']

slurm_cifar100_t20_27938093.out
  Dataset: cifar100, Tasks: 20, Seed: 42
  Final Average Accuracy (CNN): 81.16%
  Average Accuracy over Tasks (CNN): 89.09%
  Final Average Forgetting (CNN): 6.89%
  Final Max Forgetting (CNN): 17.00%
  CNN Top1 Curve: ['99.60', '99.30', '95.93', '95.80', '94.32', '92.93', '92.60', '90.82', '90.51', '89.16', '87.62', '86.35', '85.63', '85.00', '82.84', '83.86', '82.76', '82.99', '82.64', '81.16']
  Best per Task: ['99.60', '99.60', '92.60', '96.00', '94.00', '89.00', '96.40', '89.60', '93.60', '90.20', '86.00', '74.60', '84.00', '89.60', '61.60', '96.40', '80.40', '90.20', '91.00', '59.80']
  Current per Task: ['91.60', '91.60', '75.60', '88.80', '80.40', '80.80', '88.20', '86.00', '88.40', '74.40', '83.20', '66.00', '77.80', '87.20', '52.80', '93.80', '78.80', '88.00', '90.00', '59.80']

slurm_cifar100_t20_28296424.out
  Dataset: cifar100, Tasks: 20, Seed: 42
  Final Average Accuracy (CNN): 81.09%
  Average Accuracy over Tasks (CNN): 89.23%
  Final Average Forgetting (CNN): 7.53%
  Final Max Forgetting (CNN): 21.60%
  CNN Top1 Curve: ['99.60', '99.20', '96.00', '96.05', '94.48', '92.80', '92.34', '90.82', '90.13', '89.58', '87.96', '86.18', '85.97', '85.07', '83.56', '83.99', '83.24', '83.53', '82.93', '81.09']
  Best per Task: ['99.60', '99.40', '93.40', '96.00', '95.00', '88.80', '95.20', '90.80', '93.20', '91.00', '88.40', '72.80', '85.20', '90.40', '67.80', '98.00', '80.40', '91.00', '89.20', '59.20']
  Current per Task: ['87.20', '91.00', '71.80', '89.20', '77.20', '79.00', '88.20', '83.40', '89.60', '78.40', '85.00', '68.80', '74.40', '87.80', '60.80', '94.20', '80.40', '87.60', '88.60', '59.20']
  Final Average Accuracy (W-NCM): 88.18%
  Average Accuracy over Tasks (W-NCM): 92.66%
  Final Average Forgetting (W-NCM): 10.02%
  Final Max Forgetting (W-NCM): 26.40%
  W-NCM Top1 Curve: ['99.80', '99.50', '95.40', '96.65', '96.48', '95.50', '94.97', '92.93', '93.04', '91.78', '90.91', '89.93', '89.78', '90.06', '89.13', '89.76', '89.74', '89.93', '89.65', '88.18']

slurm_cifar100_t50_27938094.out
  Dataset: cifar100, Tasks: 50, Seed: 42
  Final Average Accuracy (CNN): 59.55%
  Average Accuracy over Tasks (CNN): 75.15%
  Final Average Forgetting (CNN): 19.36%
  Final Max Forgetting (CNN): 57.00%
  CNN Top1 Curve: ['100.00', '96.75', '91.50', '85.50', '91.00', '86.92', '88.71', '88.62', '87.83', '87.15', '85.41', '84.58', '83.08', '82.25', '82.33', '81.34', '79.68', '76.92', '75.68', '75.40', '75.90', '75.41', '73.41', '72.56', '72.58', '72.67', '72.09', '71.59', '71.84', '70.30', '68.77', '67.39', '67.68', '68.07', '68.53', '66.18', '67.14', '66.09', '67.49', '67.36', '66.33', '66.43', '66.81', '67.74', '66.21', '64.51', '64.40', '61.40', '60.19', '59.55']
  Best per Task: ['100.00', '93.50', '97.50', '78.00', '98.00', '79.50', '98.00', '93.50', '94.50', '90.50', '87.50', '92.00', '73.50', '81.50', '85.00', '89.00', '88.00', '57.00', '86.50', '87.00', '88.50', '50.00', '58.50', '66.00', '93.00', '85.00', '91.50', '79.50', '83.00', '85.00', '93.00', '75.50', '67.00', '55.00', '94.00', '91.50', '44.00', '76.00', '74.50', '75.00', '71.00', '81.00', '68.50', '77.50', '76.50', '88.50', '54.00', '44.50', '16.00', '73.00']
  Current per Task: ['80.00', '60.50', '67.00', '38.00', '86.00', '40.50', '47.50', '76.50', '61.00', '70.00', '71.50', '52.00', '53.00', '63.00', '69.00', '50.00', '51.00', '44.50', '39.50', '79.00', '86.50', '18.00', '44.50', '36.50', '36.00', '65.00', '81.00', '66.00', '74.50', '62.50', '79.00', '62.00', '61.00', '39.00', '81.00', '88.50', '26.50', '64.50', '51.00', '59.50', '52.50', '79.00', '61.50', '77.00', '68.50', '73.00', '51.00', '44.50', '15.50', '73.00']

slurm_cifar100_t50_28296432.out
  Dataset: cifar100, Tasks: 50, Seed: 42
  Final Average Accuracy (CNN): 60.55%
  Average Accuracy over Tasks (CNN): 76.07%
  Final Average Forgetting (CNN): 18.64%
  Final Max Forgetting (CNN): 47.50%
  CNN Top1 Curve: ['100.00', '98.25', '92.83', '88.38', '91.10', '86.42', '87.57', '88.12', '87.78', '87.70', '86.64', '85.04', '83.81', '83.29', '82.87', '82.41', '81.71', '78.00', '77.58', '76.60', '76.76', '75.02', '76.54', '73.10', '73.52', '73.56', '73.89', '73.02', '73.40', '72.13', '71.19', '69.73', '70.09', '69.65', '69.11', '67.76', '65.78', '65.62', '67.79', '67.97', '67.40', '67.21', '66.97', '67.77', '66.22', '65.59', '65.13', '63.03', '61.72', '60.55']
  Best per Task: ['100.00', '96.50', '95.00', '75.50', '99.00', '77.00', '95.50', '95.00', '89.00', '89.00', '85.00', '93.00', '74.50', '86.00', '87.00', '91.50', '90.00', '68.00', '88.50', '90.00', '88.00', '50.50', '65.00', '63.00', '94.50', '89.50', '91.50', '80.00', '82.00', '83.50', '86.00', '73.50', '70.00', '59.00', '94.00', '90.50', '36.50', '74.50', '74.50', '76.50', '60.50', '84.00', '80.50', '80.50', '73.00', '90.00', '59.00', '47.00', '14.00', '65.00']
  Current per Task: ['69.50', '63.00', '47.50', '35.00', '83.50', '41.00', '61.00', '72.50', '59.50', '65.00', '58.50', '60.50', '64.50', '67.00', '68.00', '62.00', '53.00', '47.50', '60.50', '88.50', '85.00', '15.00', '44.00', '38.00', '69.50', '68.50', '75.50', '63.00', '77.50', '48.50', '67.00', '54.50', '64.00', '47.00', '73.50', '90.50', '16.50', '58.50', '68.00', '72.50', '52.00', '77.00', '62.00', '72.50', '73.00', '86.00', '55.00', '47.00', '14.00', '65.00']
  Final Average Accuracy (W-NCM): 82.70%
  Average Accuracy over Tasks (W-NCM): 90.59%
  Final Average Forgetting (W-NCM): 15.96%
  Final Max Forgetting (W-NCM): 77.00%
  W-NCM Top1 Curve: ['100.00', '100.00', '95.67', '98.12', '98.20', '91.25', '93.36', '95.44', '95.17', '95.90', '95.77', '95.67', '94.73', '94.79', '93.10', '93.88', '92.71', '90.31', '91.08', '90.53', '91.93', '91.52', '91.61', '90.62', '90.06', '87.23', '88.28', '86.32', '88.12', '86.48', '86.21', '87.30', '88.11', '88.40', '88.91', '88.15', '87.93', '87.78', '87.31', '87.51', '87.60', '87.26', '87.76', '88.12', '87.61', '86.07', '86.95', '85.98', '83.84', '82.70']

slurm_idomainnet_inflora_nowncm_28448901.out
  Dataset: idomainnet, Tasks: 6, Seed: 2025121206
  Final Average Accuracy (CNN): 39.91%
  Average Accuracy over Tasks (CNN): 68.76%
  Final Average Forgetting (CNN): 19.35%
  Final Max Forgetting (CNN): 33.10%
  CNN Top1 Curve: ['97.20', '86.81', '70.03', '67.95', '50.65', '39.91']
  Best per Task: ['97.20', '84.60', '44.28', '65.65', '42.71', '0.07']
  Current per Task: ['64.10', '56.08', '34.18', '48.26', '35.08', '0.07']

slurm_idomainnet_inflora_wncm_28448902.out
  Dataset: idomainnet, Tasks: 6, Seed: 2025121206
  Final Average Accuracy (CNN): 39.76%
  Average Accuracy over Tasks (CNN): 68.57%
  Final Average Forgetting (CNN): 19.20%
  Final Max Forgetting (CNN): 33.27%
  CNN Top1 Curve: ['97.20', '86.78', '70.09', '67.35', '50.22', '39.76']
  Best per Task: ['97.20', '84.51', '44.58', '64.66', '41.90', '0.06']
  Current per Task: ['63.93', '55.30', '35.17', '48.04', '34.41', '0.06']
  Final Average Accuracy (W-NCM): 53.96%
  Average Accuracy over Tasks (W-NCM): 75.47%
  Final Average Forgetting (W-NCM): 27.62%
  Final Max Forgetting (W-NCM): 48.41%
  W-NCM Top1 Curve: ['97.11', '87.45', '79.67', '77.68', '56.96', '53.96']

slurm_imagenetr100_27938096.out
  Dataset: ImageNet_R, Tasks: 100, Seed: 42
  Final Average Accuracy (CNN): 38.73%
  Average Accuracy over Tasks (CNN): 47.15%
  Final Average Forgetting (CNN): 14.57%
  Final Max Forgetting (CNN): 51.61%
  CNN Top1 Curve: ['98.92', '78.71', '70.90', '71.33', '65.68', '62.80', '61.75', '61.07', '58.92', '57.23', '57.49', '57.19', '55.01', '57.79', '54.13', '53.10', '53.47', '53.50', '54.75', '56.50', '54.88', '53.84', '51.88', '51.56', '52.26', '52.18', '53.25', '52.37', '51.98', '50.36', '50.91', '50.56', '50.10', '49.13', '49.19', '47.64', '48.15', '45.58', '47.35', '46.32', '46.87', '46.28', '46.00', '46.74', '47.45', '47.45', '45.84', '46.23', '44.89', '44.31', '44.07', '44.64', '43.26', '43.74', '43.93', '43.29', '43.48', '43.44', '43.20', '43.21', '43.71', '43.33', '42.26', '41.89', '41.71', '41.42', '40.21', '39.84', '39.80', '40.03', '39.45', '39.04', '38.19', '37.78', '38.13', '38.14', '38.16', '38.36', '38.11', '37.66', '37.82', '37.84', '38.54', '38.56', '38.08', '38.31', '37.85', '37.22', '38.15', '38.33', '38.54', '38.50', '38.39', '38.61', '39.36', '39.72', '39.14', '39.22', '39.15', '38.73']
  Best per Task: ['98.92', '77.42', '64.04', '78.57', '49.32', '41.46', '59.26', '75.00', '35.71', '67.86', '76.92', '65.62', '46.94', '85.22', '65.43', '63.64', '47.73', '61.29', '55.00', '78.05', '40.74', '28.12', '0.00', '59.26', '79.79', '37.84', '58.33', '0.00', '52.50', '23.64', '68.29', '59.43', '13.33', '47.37', '16.67', '46.58', '57.50', '75.64', '61.45', '56.10', '69.44', '47.46', '52.17', '49.43', '86.67', '60.00', '18.37', '52.11', '25.25', '36.49', '61.67', '72.41', '22.34', '51.28', '64.18', '56.67', '88.46', '62.50', '80.56', '50.00', '70.49', '39.29', '46.94', '15.09', '25.32', '44.44', '38.24', '48.72', '67.35', '64.15', '42.55', '70.83', '50.00', '55.56', '24.24', '13.16', '43.24', '12.00', '55.36', '44.44', '39.13', '55.74', '64.44', '61.40', '48.61', '41.79', '33.96', '53.95', '58.67', '63.33', '42.55', '24.39', '48.72', '51.79', '65.93', '62.50', '14.81', '24.14', '45.12', '39.06']
  Current per Task: ['74.19', '25.81', '46.07', '37.50', '41.10', '21.95', '29.63', '41.07', '18.57', '42.86', '64.84', '60.16', '16.33', '65.22', '49.38', '38.18', '6.82', '29.03', '48.33', '46.34', '33.33', '21.88', '0.00', '44.44', '36.17', '8.11', '38.89', '0.00', '40.00', '7.27', '39.02', '24.53', '3.33', '21.05', '4.17', '27.40', '32.50', '44.87', '45.78', '24.39', '62.50', '25.42', '41.30', '27.59', '78.33', '40.00', '12.24', '33.80', '13.13', '24.32', '31.67', '44.83', '15.96', '17.95', '58.21', '35.00', '75.00', '52.50', '63.89', '42.31', '54.10', '25.00', '34.69', '3.77', '11.39', '40.00', '32.35', '32.05', '55.10', '54.72', '29.79', '66.67', '23.91', '44.44', '21.21', '13.16', '37.84', '10.00', '46.43', '38.10', '34.78', '55.74', '54.44', '56.14', '43.06', '38.81', '32.08', '51.32', '54.67', '53.33', '40.43', '24.39', '46.15', '49.11', '64.84', '59.09', '14.81', '24.14', '45.12', '39.06']

slurm_imagenetr100_28333001.out
  Dataset: ImageNet_R, Tasks: 100, Seed: 42
  Final Average Accuracy (CNN): 38.32%
  Average Accuracy over Tasks (CNN): 47.14%
  Final Average Forgetting (CNN): 14.89%
  Final Max Forgetting (CNN): 46.67%
  CNN Top1 Curve: ['98.92', '79.35', '69.26', '71.67', '66.22', '63.77', '63.68', '61.83', '61.11', '58.62', '58.03', '58.11', '56.75', '59.54', '61.85', '59.07', '58.04', '57.97', '58.20', '59.07', '59.22', '57.94', '55.19', '55.58', '56.06', '54.82', '54.77', '47.69', '50.90', '48.55', '49.95', '51.72', '49.35', '49.13', '48.95', '48.07', '49.58', '45.98', '46.57', '45.19', '47.92', '49.06', '48.58', '47.40', '48.06', '47.24', '45.98', '47.15', '45.29', '45.21', '43.98', '45.07', '42.39', '41.96', '43.38', '42.26', '42.32', '42.80', '42.10', '41.66', '41.95', '40.35', '39.89', '39.01', '38.39', '38.63', '38.90', '37.92', '38.05', '37.62', '37.75', '38.07', '37.33', '37.78', '36.64', '37.07', '36.39', '35.94', '35.38', '33.70', '34.73', '35.85', '36.07', '36.41', '36.54', '37.44', '37.11', '36.70', '37.04', '37.43', '37.65', '37.95', '38.18', '38.38', '39.20', '39.35', '39.19', '38.78', '38.80', '38.32']
  Best per Task: ['98.92', '79.03', '67.42', '78.57', '53.42', '41.46', '66.67', '64.29', '41.43', '71.43', '80.22', '68.75', '44.90', '78.26', '80.25', '60.00', '27.27', '58.06', '66.67', '85.37', '50.00', '53.12', '0.00', '62.96', '76.60', '59.46', '66.67', '4.00', '62.50', '20.00', '68.29', '65.09', '20.00', '52.63', '12.50', '38.36', '62.50', '79.49', '50.60', '60.98', '72.22', '38.14', '58.70', '54.02', '83.33', '55.00', '18.37', '38.03', '25.25', '47.30', '61.67', '77.59', '13.83', '51.28', '71.64', '66.67', '82.69', '57.50', '75.00', '44.23', '65.57', '25.00', '44.90', '13.21', '31.65', '51.11', '50.00', '69.23', '67.35', '58.49', '38.30', '60.42', '67.39', '55.56', '36.36', '13.16', '24.32', '8.00', '37.50', '38.10', '36.96', '57.38', '50.00', '52.63', '56.94', '37.31', '39.62', '43.42', '50.67', '63.33', '37.23', '19.51', '51.28', '46.43', '60.44', '62.50', '9.26', '20.69', '47.56', '18.75']
  Current per Task: ['69.89', '38.71', '48.31', '53.57', '45.21', '19.51', '53.70', '21.43', '12.86', '50.00', '64.84', '60.94', '4.08', '61.74', '55.56', '30.00', '13.64', '22.58', '60.00', '48.78', '35.19', '31.25', '0.00', '48.15', '54.26', '18.92', '44.44', '0.00', '40.00', '7.27', '34.15', '39.62', '3.33', '26.32', '8.33', '21.92', '27.50', '51.28', '38.55', '21.95', '58.33', '28.81', '39.13', '43.68', '50.00', '37.50', '12.24', '26.76', '19.19', '24.32', '40.00', '46.55', '12.77', '25.64', '53.73', '20.00', '73.08', '45.00', '72.22', '32.69', '55.74', '17.86', '36.73', '11.32', '15.19', '40.00', '38.24', '53.85', '48.98', '52.83', '36.17', '52.08', '60.87', '40.74', '21.21', '5.26', '16.22', '6.00', '28.57', '23.81', '30.43', '49.18', '44.44', '50.88', '52.78', '35.82', '39.62', '39.47', '44.00', '60.00', '32.98', '14.63', '51.28', '43.75', '56.04', '61.36', '9.26', '20.69', '47.56', '18.75']
  Final Average Accuracy (W-NCM): 70.24%
  Average Accuracy over Tasks (W-NCM): 71.14%
  Final Average Forgetting (W-NCM): 21.25%
  Final Max Forgetting (W-NCM): 61.22%
  W-NCM Top1 Curve: ['97.85', '77.42', '80.70', '85.32', '80.45', '76.29', '79.27', '80.03', '80.14', '79.24', '80.57', '75.10', '72.33', '77.05', '76.42', '75.42', '76.31', '72.61', '74.47', '76.98', '77.82', '74.46', '73.13', '74.56', '76.08', '77.12', '75.81', '62.72', '73.65', '67.11', '72.05', '74.23', '68.88', '67.08', '65.01', '67.15', '71.54', '71.31', '72.59', '71.98', '73.55', '74.21', '74.20', '75.08', '74.74', '71.64', '66.49', '71.56', '69.54', '71.92', '71.05', '71.52', '69.84', '66.11', '56.20', '63.83', '67.87', '67.69', '71.16', '73.17', '73.60', '70.72', '64.91', '68.46', '65.93', '68.74', '69.25', '68.05', '68.03', '67.38', '64.91', '66.78', '64.26', '62.94', '61.86', '65.24', '61.00', '63.06', '64.91', '64.32', '67.04', '67.21', '68.00', '61.00', '63.84', '66.15', '67.14', '68.13', '69.64', '70.14', '70.61', '70.76', '70.94', '71.35', '72.27', '72.29', '71.99', '71.22', '70.30', '70.24']

slurm_imagenetr10_27920188.out
  Dataset: ImageNet_R, Tasks: 10, Seed: 42
  Final Average Accuracy (CNN): 76.03%
  Average Accuracy over Tasks (CNN): 80.37%
  Final Average Forgetting (CNN): 6.23%
  Final Max Forgetting (CNN): 11.85%
  CNN Top1 Curve: ['88.77', '86.71', '83.31', '80.48', '80.47', '78.95', '76.88', '75.89', '76.18', '76.03']
  Best per Task: ['88.77', '87.20', '79.39', '80.03', '80.87', '81.36', '75.22', '75.28', '83.89', '79.97']
  Current per Task: ['76.92', '79.20', '70.49', '73.09', '74.44', '76.70', '71.10', '72.36', '81.66', '79.97']

slurm_imagenetr10_28332815.out
  Dataset: ImageNet_R, Tasks: 10, Seed: 42
  Final Average Accuracy (CNN): 75.50%
  Average Accuracy over Tasks (CNN): 80.05%
  Final Average Forgetting (CNN): 6.87%
  Final Max Forgetting (CNN): 12.31%
  CNN Top1 Curve: ['88.77', '86.71', '82.81', '80.40', '79.93', '78.60', '76.57', '75.40', '75.84', '75.50']
  Best per Task: ['88.77', '87.47', '78.69', '79.86', '80.45', '81.72', '75.76', '73.93', '84.21', '80.26']
  Current per Task: ['76.46', '79.60', '68.38', '71.35', '74.30', '76.34', '68.94', '71.24', '82.46', '80.26']
  Final Average Accuracy (W-NCM): 77.52%
  Average Accuracy over Tasks (W-NCM): 80.82%
  Final Average Forgetting (W-NCM): 8.62%
  Final Max Forgetting (W-NCM): 13.23%
  W-NCM Top1 Curve: ['88.31', '85.34', '83.07', '81.27', '79.93', '79.66', '78.43', '77.04', '77.65', '77.52']

slurm_imagenetr20_27920189.out
  Dataset: ImageNet_R, Tasks: 20, Seed: 42
  Final Average Accuracy (CNN): 70.15%
  Average Accuracy over Tasks (CNN): 76.29%
  Final Average Forgetting (CNN): 8.78%
  Final Max Forgetting (CNN): 24.67%
  CNN Top1 Curve: ['90.62', '86.77', '85.82', '84.07', '81.52', '79.69', '77.04', '76.07', '76.49', '76.08', '74.69', '73.73', '71.82', '70.29', '70.42', '69.82', '69.35', '70.69', '70.67', '70.15']
  Best per Task: ['90.62', '88.45', '87.93', '82.87', '81.62', '69.95', '76.36', '74.16', '82.51', '69.37', '70.75', '89.17', '66.11', '74.13', '72.64', '72.95', '81.29', '80.73', '76.13', '75.71']
  Current per Task: ['65.95', '70.40', '79.96', '70.28', '73.08', '59.07', '69.55', '60.11', '74.67', '61.26', '58.18', '84.58', '57.72', '64.48', '67.66', '70.90', '78.22', '79.73', '75.07', '75.71']

slurm_imagenetr20_28332856.out
  Dataset: ImageNet_R, Tasks: 20, Seed: 42
  Final Average Accuracy (CNN): 70.60%
  Average Accuracy over Tasks (CNN): 76.47%
  Final Average Forgetting (CNN): 7.67%
  Final Max Forgetting (CNN): 20.11%
  CNN Top1 Curve: ['90.62', '86.46', '84.47', '83.43', '81.09', '78.93', '76.80', '76.36', '76.60', '76.27', '74.08', '74.16', '72.58', '71.68', '71.66', '70.93', '70.55', '71.45', '70.77', '70.60']
  Best per Task: ['90.62', '88.09', '86.42', '80.77', '82.48', '70.98', '76.36', '72.47', '81.20', '67.87', '67.30', '90.00', '66.78', '75.68', '72.64', '73.36', '81.29', '78.41', '75.07', '76.03']
  Current per Task: ['70.51', '72.20', '76.08', '70.28', '72.65', '63.21', '68.18', '60.39', '75.46', '62.46', '60.06', '83.33', '57.72', '70.66', '69.15', '69.26', '78.22', '77.08', '75.07', '76.03']
  Final Average Accuracy (W-NCM): 76.23%
  Average Accuracy over Tasks (W-NCM): 79.75%
  Final Average Forgetting (W-NCM): 11.59%
  Final Max Forgetting (W-NCM): 22.25%
  W-NCM Top1 Curve: ['89.28', '86.59', '86.05', '85.09', '82.60', '81.92', '80.36', '79.89', '81.02', '78.17', '76.39', '77.38', '77.87', '76.77', '76.21', '75.30', '74.69', '76.33', '76.92', '76.23']

slurm_imagenetr50_27938095.out
  Dataset: ImageNet_R, Tasks: 50, Seed: 42
  Final Average Accuracy (CNN): 59.12%
  Average Accuracy over Tasks (CNN): 64.91%
  Final Average Forgetting (CNN): 9.77%
  Final Max Forgetting (CNN): 26.67%
  CNN Top1 Curve: ['90.32', '82.67', '79.47', '78.82', '77.85', '77.68', '78.03', '74.18', '73.75', '73.93', '72.41', '70.52', '70.38', '69.75', '68.86', '68.84', '67.33', '66.13', '63.18', '62.59', '64.87', '65.41', '65.32', '64.09', '63.16', '63.05', '61.13', '60.54', '59.77', '59.91', '59.62', '58.29', '58.41', '57.09', '57.98', '57.01', '56.66', '56.76', '55.83', '55.23', '55.45', '55.95', '57.28', '57.05', '57.78', '57.95', '59.07', '59.49', '59.53', '59.12']
  Best per Task: ['90.32', '82.07', '79.82', '85.45', '79.37', '75.80', '83.54', '57.07', '78.67', '81.19', '65.12', '51.85', '77.86', '63.93', '52.63', '85.03', '61.22', '54.64', '69.49', '73.94', '71.58', '63.16', '82.00', '55.83', '56.65', '70.34', '33.08', '69.29', '88.04', '81.82', '70.09', '42.16', '58.87', '73.21', '76.47', '61.05', '68.49', '36.62', '70.11', '67.23', '84.11', '80.27', '71.22', '70.54', '64.76', '62.22', '66.89', '68.16', '46.99', '56.85']
  Current per Task: ['65.81', '62.76', '66.67', '79.09', '73.02', '69.41', '71.34', '41.88', '58.67', '70.30', '50.00', '44.44', '57.25', '49.18', '46.32', '68.03', '55.10', '38.14', '46.61', '47.27', '46.84', '45.11', '75.00', '47.50', '51.45', '58.47', '25.56', '65.35', '78.26', '75.00', '61.54', '39.22', '40.32', '64.29', '72.55', '55.79', '67.12', '28.17', '70.11', '59.66', '76.64', '78.23', '66.91', '68.22', '64.76', '60.00', '66.23', '65.92', '45.78', '56.85']

slurm_imagenetr50_28332986.out
  Dataset: ImageNet_R, Tasks: 50, Seed: 42
  Final Average Accuracy (CNN): 58.78%
  Average Accuracy over Tasks (CNN): 64.49%
  Final Average Forgetting (CNN): 9.79%
  Final Max Forgetting (CNN): 25.19%
  CNN Top1 Curve: ['90.32', '82.67', '80.43', '80.53', '78.46', '77.22', '78.32', '75.25', '73.52', '73.57', '70.79', '69.22', '69.96', '68.13', '69.68', '68.69', '66.34', '65.94', '64.25', '62.67', '63.32', '63.28', '63.48', '62.36', '61.91', '63.05', '61.60', '60.48', '59.63', '59.70', '58.54', '57.29', '57.11', '55.95', '55.90', '56.06', '55.66', '55.87', '54.39', '54.71', '55.41', '55.85', '57.31', '57.95', '57.58', '58.15', '58.64', '59.09', '59.26', '58.78']
  Best per Task: ['90.32', '84.14', '79.82', '84.55', '79.37', '78.08', '82.93', '61.78', '73.33', '83.17', '59.30', '44.44', '74.81', '55.74', '55.79', '86.39', '55.10', '53.61', '67.80', '69.09', '64.21', '64.66', '81.00', '52.50', '57.23', '72.03', '27.07', '68.50', '83.70', '79.55', '69.23', '44.12', '57.26', '73.21', '83.33', '57.89', '68.49', '30.99', '72.41', '63.03', '85.05', '78.91', '70.50', '77.52', '66.67', '60.00', '68.21', '69.27', '48.19', '63.01']
  Current per Task: ['68.39', '60.00', '61.40', '78.18', '70.63', '67.58', '74.39', '43.46', '61.33', '70.30', '46.51', '40.74', '49.62', '36.07', '52.63', '71.43', '42.86', '35.05', '43.22', '46.06', '52.63', '51.13', '73.00', '46.67', '47.40', '61.02', '21.05', '60.63', '76.09', '72.73', '64.96', '41.18', '48.39', '64.29', '74.51', '55.79', '64.38', '18.31', '72.41', '57.14', '74.77', '76.19', '66.91', '74.42', '63.81', '57.04', '66.89', '65.36', '45.78', '63.01']
  Final Average Accuracy (W-NCM): 73.90%
  Average Accuracy over Tasks (W-NCM): 75.32%
  Final Average Forgetting (W-NCM): 15.53%
  Final Max Forgetting (W-NCM): 38.98%
  W-NCM Top1 Curve: ['83.23', '85.28', '81.91', '81.71', '81.70', '80.05', '81.83', '79.86', '78.06', '79.82', '79.72', '77.04', '78.31', '78.14', '77.19', '76.19', '76.33', '74.17', '72.08', '74.23', '76.27', '75.49', '73.73', '72.05', '74.83', '75.37', '74.50', '72.14', '73.23', '75.99', '75.84', '74.05', '73.02', '72.55', '72.93', '72.90', '72.24', '71.23', '68.79', '70.99', '70.37', '67.30', '70.15', '71.52', '71.89', '73.57', '74.01', '74.66', '73.81', '73.90']

slurm_multi_cif_imgr_cub_28049251.out
  Dataset: multi_dataset, Tasks: 30, Seed: 42
  Final Average Accuracy (CNN): 4.19%
  Average Accuracy over Tasks (CNN): 13.47%
  Final Average Forgetting (CNN): 1.89%
  Final Max Forgetting (CNN): 54.10%
  CNN Top1 Curve: ['99.70', '48.85', '32.13', '24.30', '19.00', '15.68', '13.34', '11.60', '10.37', '9.32', '8.79', '8.22', '7.96', '7.50', '7.23', '6.88', '6.54', '6.26', '6.06', '5.86', '5.64', '5.44', '5.21', '5.05', '4.87', '4.77', '4.58', '4.42', '4.31', '4.19']
  Best per Task: ['99.70', '0.05', '0.00', '0.10', '0.10', '0.15', '0.00', '0.23', '0.00', '0.14', '0.00', '0.18', '0.00', '0.00', '0.00', '0.00', '0.00', '0.00', '0.00', '0.00', '0.00', '0.00', '0.00', '0.00', '0.00', '0.00', '0.00', '0.00', '0.00', '0.00']
  Current per Task: ['45.60', '0.00', '0.00', '0.05', '0.00', '0.00', '0.00', '0.00', '0.00', '0.00', '0.00', '0.18', '0.00', '0.00', '0.00', '0.00', '0.00', '0.00', '0.00', '0.00', '0.00', '0.00', '0.00', '0.00', '0.00', '0.00', '0.00', '0.00', '0.00', '0.00']

slurm_multi_cif_imgr_cub_28136553.out
  Dataset: multi_dataset, Tasks: 30, Seed: 42
  Final Average Accuracy (CNN): 4.32%
  Average Accuracy over Tasks (CNN): 13.46%
  Final Average Forgetting (CNN): 1.85%
  Final Max Forgetting (CNN): 52.90%
  CNN Top1 Curve: ['99.70', '48.75', '32.07', '24.12', '18.78', '15.48', '13.39', '11.55', '10.28', '9.17', '8.68', '8.14', '7.98', '7.56', '7.22', '6.87', '6.62', '6.33', '6.10', '5.91', '5.67', '5.47', '5.24', '5.12', '4.93', '4.85', '4.68', '4.50', '4.40', '4.32']
  Best per Task: ['99.70', '0.05', '0.05', '0.10', '0.10', '0.15', '0.27', '0.00', '0.00', '0.14', '0.00', '0.36', '0.00', '0.16', '0.00', '0.00', '0.00', '0.00', '0.00', '0.00', '0.18', '0.00', '0.00', '0.00', '0.00', '0.00', '0.00', '0.00', '0.00', '0.00']
  Current per Task: ['46.80', '0.05', '0.05', '0.00', '0.00', '0.00', '0.27', '0.00', '0.00', '0.00', '0.00', '0.36', '0.00', '0.00', '0.00', '0.00', '0.00', '0.00', '0.00', '0.00', '0.00', '0.00', '0.00', '0.00', '0.00', '0.00', '0.00', '0.00', '0.00', '0.00']
  Final Average Accuracy (W-NCM): 77.51%
  Average Accuracy over Tasks (W-NCM): 83.22%
  Final Average Forgetting (W-NCM): 13.83%
  Final Max Forgetting (W-NCM): 35.80%
  W-NCM Top1 Curve: ['99.50', '96.30', '95.13', '93.80', '92.18', '91.00', '90.70', '90.09', '90.49', '89.08', '87.54', '85.26', '84.18', '81.68', '79.99', '78.28', '76.87', '76.05', '75.89', '74.12', '75.85', '76.60', '76.78', '77.49', '76.71', '77.19', '76.80', '76.49', '76.93', '77.51']

slurm_multi_cif_imgr_cub_28138092.out
  Dataset: multi_dataset, Tasks: 30, Seed: 42
  Final Average Accuracy (CNN): 4.08%
  Average Accuracy over Tasks (CNN): 13.36%
  Final Average Forgetting (CNN): 1.94%
  Final Max Forgetting (CNN): 55.35%
  CNN Top1 Curve: ['99.70', '49.25', '32.20', '24.08', '18.72', '15.40', '13.10', '11.39', '10.22', '9.20', '8.75', '8.18', '7.91', '7.40', '6.97', '6.66', '6.44', '6.19', '5.93', '5.68', '5.52', '5.30', '5.07', '4.95', '4.77', '4.63', '4.47', '4.36', '4.23', '4.08']
  Best per Task: ['99.70', '0.10', '0.00', '0.05', '0.10', '0.00', '0.13', '0.00', '0.00', '0.14', '0.00', '0.18', '0.22', '0.16', '0.14', '0.00', '0.00', '0.00', '0.00', '0.00', '0.00', '0.00', '0.00', '0.00', '0.00', '0.00', '0.00', '0.00', '0.00', '0.00']
  Current per Task: ['44.35', '0.00', '0.00', '0.05', '0.00', '0.00', '0.00', '0.00', '0.00', '0.00', '0.00', '0.18', '0.00', '0.16', '0.00', '0.00', '0.00', '0.00', '0.00', '0.00', '0.00', '0.00', '0.00', '0.00', '0.00', '0.00', '0.00', '0.00', '0.00', '0.00']
  Final Average Accuracy (W-NCM): 76.05%
  Average Accuracy over Tasks (W-NCM): 82.49%
  Final Average Forgetting (W-NCM): 15.40%
  Final Max Forgetting (W-NCM): 35.80%
  W-NCM Top1 Curve: ['99.60', '96.50', '95.33', '93.95', '92.56', '91.25', '91.01', '89.65', '90.32', '89.02', '87.38', '84.40', '81.95', '80.97', '78.57', '78.17', '76.96', '76.24', '75.29', '73.98', '75.18', '74.97', '74.36', '74.43', '74.34', '75.44', '75.47', '75.59', '75.66', '76.05']
