/leonardo/home/userexternal/lli00001/venv_inc_lora/lib/python3.11/site-packages/timm/models/helpers.py:7: FutureWarning: Importing from timm.models.helpers is deprecated, please import via timm.models
  warnings.warn(f"Importing from {__name__} is deprecated, please import via timm.models", FutureWarning)
/leonardo/home/userexternal/lli00001/venv_inc_lora/lib/python3.11/site-packages/timm/models/layers/__init__.py:48: FutureWarning: Importing from timm.models.layers is deprecated, please import via timm.layers
  warnings.warn(f"Importing from {__name__} is deprecated, please import via timm.layers", FutureWarning)
/leonardo/home/userexternal/lli00001/venv_inc_lora/lib/python3.11/site-packages/timm/models/registry.py:4: FutureWarning: Importing from timm.models.registry is deprecated, please import via timm.models
  warnings.warn(f"Importing from {__name__} is deprecated, please import via timm.models", FutureWarning)
/leonardo/home/userexternal/lli00001/dc_inc/baselines/InfLoRA/models/vit_inflorab5.py:795: UserWarning: Overwriting vit_tiny_patch16_224 in registry with models.vit_inflorab5.vit_tiny_patch16_224. This is because the name being registered conflicts with an existing name. Please check if this is not expected.
  @register_model
/leonardo/home/userexternal/lli00001/dc_inc/baselines/InfLoRA/models/vit_inflorab5.py:804: UserWarning: Overwriting vit_tiny_patch16_384 in registry with models.vit_inflorab5.vit_tiny_patch16_384. This is because the name being registered conflicts with an existing name. Please check if this is not expected.
  @register_model
/leonardo/home/userexternal/lli00001/dc_inc/baselines/InfLoRA/models/vit_inflorab5.py:813: UserWarning: Overwriting vit_small_patch32_224 in registry with models.vit_inflorab5.vit_small_patch32_224. This is because the name being registered conflicts with an existing name. Please check if this is not expected.
  @register_model
/leonardo/home/userexternal/lli00001/dc_inc/baselines/InfLoRA/models/vit_inflorab5.py:822: UserWarning: Overwriting vit_small_patch32_384 in registry with models.vit_inflorab5.vit_small_patch32_384. This is because the name being registered conflicts with an existing name. Please check if this is not expected.
  @register_model
/leonardo/home/userexternal/lli00001/dc_inc/baselines/InfLoRA/models/vit_inflorab5.py:831: UserWarning: Overwriting vit_small_patch16_224 in registry with models.vit_inflorab5.vit_small_patch16_224. This is because the name being registered conflicts with an existing name. Please check if this is not expected.
  @register_model
/leonardo/home/userexternal/lli00001/dc_inc/baselines/InfLoRA/models/vit_inflorab5.py:841: UserWarning: Overwriting vit_small_patch16_384 in registry with models.vit_inflorab5.vit_small_patch16_384. This is because the name being registered conflicts with an existing name. Please check if this is not expected.
  @register_model
/leonardo/home/userexternal/lli00001/dc_inc/baselines/InfLoRA/models/vit_inflorab5.py:851: UserWarning: Overwriting vit_base_patch32_224 in registry with models.vit_inflorab5.vit_base_patch32_224. This is because the name being registered conflicts with an existing name. Please check if this is not expected.
  @register_model
/leonardo/home/userexternal/lli00001/dc_inc/baselines/InfLoRA/models/vit_inflorab5.py:871: UserWarning: Overwriting vit_base_patch32_384 in registry with models.vit_inflorab5.vit_base_patch32_384. This is because the name being registered conflicts with an existing name. Please check if this is not expected.
  @register_model
/leonardo/home/userexternal/lli00001/dc_inc/baselines/InfLoRA/models/vit_inflorab5.py:881: UserWarning: Overwriting vit_base_patch16_224 in registry with models.vit_inflorab5.vit_base_patch16_224. This is because the name being registered conflicts with an existing name. Please check if this is not expected.
  @register_model
/leonardo/home/userexternal/lli00001/dc_inc/baselines/InfLoRA/models/vit_inflorab5.py:891: UserWarning: Overwriting vit_base_patch16_384 in registry with models.vit_inflorab5.vit_base_patch16_384. This is because the name being registered conflicts with an existing name. Please check if this is not expected.
  @register_model
/leonardo/home/userexternal/lli00001/dc_inc/baselines/InfLoRA/models/vit_inflorab5.py:901: UserWarning: Overwriting vit_base_patch8_224 in registry with models.vit_inflorab5.vit_base_patch8_224. This is because the name being registered conflicts with an existing name. Please check if this is not expected.
  @register_model
/leonardo/home/userexternal/lli00001/dc_inc/baselines/InfLoRA/models/vit_inflorab5.py:911: UserWarning: Overwriting vit_large_patch32_224 in registry with models.vit_inflorab5.vit_large_patch32_224. This is because the name being registered conflicts with an existing name. Please check if this is not expected.
  @register_model
/leonardo/home/userexternal/lli00001/dc_inc/baselines/InfLoRA/models/vit_inflorab5.py:920: UserWarning: Overwriting vit_large_patch32_384 in registry with models.vit_inflorab5.vit_large_patch32_384. This is because the name being registered conflicts with an existing name. Please check if this is not expected.
  @register_model
/leonardo/home/userexternal/lli00001/dc_inc/baselines/InfLoRA/models/vit_inflorab5.py:930: UserWarning: Overwriting vit_large_patch16_224 in registry with models.vit_inflorab5.vit_large_patch16_224. This is because the name being registered conflicts with an existing name. Please check if this is not expected.
  @register_model
/leonardo/home/userexternal/lli00001/dc_inc/baselines/InfLoRA/models/vit_inflorab5.py:940: UserWarning: Overwriting vit_large_patch16_384 in registry with models.vit_inflorab5.vit_large_patch16_384. This is because the name being registered conflicts with an existing name. Please check if this is not expected.
  @register_model
/leonardo/home/userexternal/lli00001/dc_inc/baselines/InfLoRA/models/vit_inflorab5.py:950: UserWarning: Overwriting vit_large_patch14_224 in registry with models.vit_inflorab5.vit_large_patch14_224. This is because the name being registered conflicts with an existing name. Please check if this is not expected.
  @register_model
/leonardo/home/userexternal/lli00001/dc_inc/baselines/InfLoRA/models/vit_inflorab5.py:959: UserWarning: Overwriting vit_huge_patch14_224 in registry with models.vit_inflorab5.vit_huge_patch14_224. This is because the name being registered conflicts with an existing name. Please check if this is not expected.
  @register_model
/leonardo/home/userexternal/lli00001/dc_inc/baselines/InfLoRA/models/vit_inflorab5.py:968: UserWarning: Overwriting vit_giant_patch14_224 in registry with models.vit_inflorab5.vit_giant_patch14_224. This is because the name being registered conflicts with an existing name. Please check if this is not expected.
  @register_model
/leonardo/home/userexternal/lli00001/dc_inc/baselines/InfLoRA/models/vit_inflorab5.py:977: UserWarning: Overwriting vit_gigantic_patch14_224 in registry with models.vit_inflorab5.vit_gigantic_patch14_224. This is because the name being registered conflicts with an existing name. Please check if this is not expected.
  @register_model
/leonardo/home/userexternal/lli00001/dc_inc/baselines/InfLoRA/models/vit_inflorab5.py:986: UserWarning: Overwriting vit_tiny_patch16_224_in21k in registry with models.vit_inflorab5.vit_tiny_patch16_224_in21k. This is because the name being registered conflicts with an existing name. Please check if this is not expected.
  @register_model
/leonardo/home/userexternal/lli00001/dc_inc/baselines/InfLoRA/models/vit_inflorab5.py:997: UserWarning: Overwriting vit_small_patch32_224_in21k in registry with models.vit_inflorab5.vit_small_patch32_224_in21k. This is because the name being registered conflicts with an existing name. Please check if this is not expected.
  @register_model
/leonardo/home/userexternal/lli00001/dc_inc/baselines/InfLoRA/models/vit_inflorab5.py:1008: UserWarning: Overwriting vit_small_patch16_224_in21k in registry with models.vit_inflorab5.vit_small_patch16_224_in21k. This is because the name being registered conflicts with an existing name. Please check if this is not expected.
  @register_model
/leonardo/home/userexternal/lli00001/dc_inc/baselines/InfLoRA/models/vit_inflorab5.py:1019: UserWarning: Overwriting vit_base_patch32_224_in21k in registry with models.vit_inflorab5.vit_base_patch32_224_in21k. This is because the name being registered conflicts with an existing name. Please check if this is not expected.
  @register_model
/leonardo/home/userexternal/lli00001/dc_inc/baselines/InfLoRA/models/vit_inflorab5.py:1031: UserWarning: Overwriting vit_base_patch16_224_in21k in registry with models.vit_inflorab5.vit_base_patch16_224_in21k. This is because the name being registered conflicts with an existing name. Please check if this is not expected.
  @register_model
/leonardo/home/userexternal/lli00001/dc_inc/baselines/InfLoRA/models/vit_inflorab5.py:1043: UserWarning: Overwriting vit_base_patch8_224_in21k in registry with models.vit_inflorab5.vit_base_patch8_224_in21k. This is because the name being registered conflicts with an existing name. Please check if this is not expected.
  @register_model
/leonardo/home/userexternal/lli00001/dc_inc/baselines/InfLoRA/models/vit_inflorab5.py:1055: UserWarning: Overwriting vit_large_patch32_224_in21k in registry with models.vit_inflorab5.vit_large_patch32_224_in21k. This is because the name being registered conflicts with an existing name. Please check if this is not expected.
  @register_model
/leonardo/home/userexternal/lli00001/dc_inc/baselines/InfLoRA/models/vit_inflorab5.py:1067: UserWarning: Overwriting vit_large_patch16_224_in21k in registry with models.vit_inflorab5.vit_large_patch16_224_in21k. This is because the name being registered conflicts with an existing name. Please check if this is not expected.
  @register_model
/leonardo/home/userexternal/lli00001/dc_inc/baselines/InfLoRA/models/vit_inflorab5.py:1079: UserWarning: Overwriting vit_huge_patch14_224_in21k in registry with models.vit_inflorab5.vit_huge_patch14_224_in21k. This is because the name being registered conflicts with an existing name. Please check if this is not expected.
  @register_model
/leonardo/home/userexternal/lli00001/dc_inc/baselines/InfLoRA/models/vit_inflorab5.py:1091: UserWarning: Overwriting vit_base_patch16_224_sam in registry with models.vit_inflorab5.vit_base_patch16_224_sam. This is because the name being registered conflicts with an existing name. Please check if this is not expected.
  @register_model
/leonardo/home/userexternal/lli00001/dc_inc/baselines/InfLoRA/models/vit_inflorab5.py:1101: UserWarning: Overwriting vit_base_patch32_224_sam in registry with models.vit_inflorab5.vit_base_patch32_224_sam. This is because the name being registered conflicts with an existing name. Please check if this is not expected.
  @register_model
/leonardo/home/userexternal/lli00001/dc_inc/baselines/InfLoRA/models/vit_inflorab5.py:1111: UserWarning: Overwriting vit_small_patch16_224_dino in registry with models.vit_inflorab5.vit_small_patch16_224_dino. This is because the name being registered conflicts with an existing name. Please check if this is not expected.
  @register_model
/leonardo/home/userexternal/lli00001/dc_inc/baselines/InfLoRA/models/vit_inflorab5.py:1120: UserWarning: Overwriting vit_small_patch8_224_dino in registry with models.vit_inflorab5.vit_small_patch8_224_dino. This is because the name being registered conflicts with an existing name. Please check if this is not expected.
  @register_model
/leonardo/home/userexternal/lli00001/dc_inc/baselines/InfLoRA/models/vit_inflorab5.py:1129: UserWarning: Overwriting vit_base_patch16_224_dino in registry with models.vit_inflorab5.vit_base_patch16_224_dino. This is because the name being registered conflicts with an existing name. Please check if this is not expected.
  @register_model
/leonardo/home/userexternal/lli00001/dc_inc/baselines/InfLoRA/models/vit_inflorab5.py:1138: UserWarning: Overwriting vit_base_patch8_224_dino in registry with models.vit_inflorab5.vit_base_patch8_224_dino. This is because the name being registered conflicts with an existing name. Please check if this is not expected.
  @register_model
/leonardo/home/userexternal/lli00001/dc_inc/baselines/InfLoRA/models/vit_inflorab5.py:1147: UserWarning: Overwriting vit_base_patch16_224_miil_in21k in registry with models.vit_inflorab5.vit_base_patch16_224_miil_in21k. This is because the name being registered conflicts with an existing name. Please check if this is not expected.
  @register_model
/leonardo/home/userexternal/lli00001/dc_inc/baselines/InfLoRA/models/vit_inflorab5.py:1157: UserWarning: Overwriting vit_base_patch16_224_miil in registry with models.vit_inflorab5.vit_base_patch16_224_miil. This is because the name being registered conflicts with an existing name. Please check if this is not expected.
  @register_model
/leonardo/home/userexternal/lli00001/dc_inc/baselines/InfLoRA/models/vit_inflorab5.py:1167: UserWarning: Overwriting vit_small_patch16_36x1_224 in registry with models.vit_inflorab5.vit_small_patch16_36x1_224. This is because the name being registered conflicts with an existing name. Please check if this is not expected.
  @register_model
/leonardo/home/userexternal/lli00001/dc_inc/baselines/InfLoRA/models/vit_inflorab5.py:1178: UserWarning: Overwriting vit_small_patch16_18x2_224 in registry with models.vit_inflorab5.vit_small_patch16_18x2_224. This is because the name being registered conflicts with an existing name. Please check if this is not expected.
  @register_model
/leonardo/home/userexternal/lli00001/dc_inc/baselines/InfLoRA/models/vit_inflorab5.py:1190: UserWarning: Overwriting vit_base_patch16_18x2_224 in registry with models.vit_inflorab5.vit_base_patch16_18x2_224. This is because the name being registered conflicts with an existing name. Please check if this is not expected.
  @register_model
/leonardo/home/userexternal/lli00001/dc_inc/baselines/InfLoRA/models/vit.py:681: UserWarning: Overwriting vit_tiny_patch16_224 in registry with models.vit.vit_tiny_patch16_224. This is because the name being registered conflicts with an existing name. Please check if this is not expected.
  @register_model
/leonardo/home/userexternal/lli00001/dc_inc/baselines/InfLoRA/models/vit.py:690: UserWarning: Overwriting vit_tiny_patch16_384 in registry with models.vit.vit_tiny_patch16_384. This is because the name being registered conflicts with an existing name. Please check if this is not expected.
  @register_model
/leonardo/home/userexternal/lli00001/dc_inc/baselines/InfLoRA/models/vit.py:699: UserWarning: Overwriting vit_small_patch32_224 in registry with models.vit.vit_small_patch32_224. This is because the name being registered conflicts with an existing name. Please check if this is not expected.
  @register_model
/leonardo/home/userexternal/lli00001/dc_inc/baselines/InfLoRA/models/vit.py:708: UserWarning: Overwriting vit_small_patch32_384 in registry with models.vit.vit_small_patch32_384. This is because the name being registered conflicts with an existing name. Please check if this is not expected.
  @register_model
/leonardo/home/userexternal/lli00001/dc_inc/baselines/InfLoRA/models/vit.py:717: UserWarning: Overwriting vit_small_patch16_224 in registry with models.vit.vit_small_patch16_224. This is because the name being registered conflicts with an existing name. Please check if this is not expected.
  @register_model
/leonardo/home/userexternal/lli00001/dc_inc/baselines/InfLoRA/models/vit.py:727: UserWarning: Overwriting vit_small_patch16_384 in registry with models.vit.vit_small_patch16_384. This is because the name being registered conflicts with an existing name. Please check if this is not expected.
  @register_model
/leonardo/home/userexternal/lli00001/dc_inc/baselines/InfLoRA/models/vit.py:737: UserWarning: Overwriting vit_base_patch32_224 in registry with models.vit.vit_base_patch32_224. This is because the name being registered conflicts with an existing name. Please check if this is not expected.
  @register_model
/leonardo/home/userexternal/lli00001/dc_inc/baselines/InfLoRA/models/vit.py:747: UserWarning: Overwriting vit_base2_patch32_256 in registry with models.vit.vit_base2_patch32_256. This is because the name being registered conflicts with an existing name. Please check if this is not expected.
  @register_model
/leonardo/home/userexternal/lli00001/dc_inc/baselines/InfLoRA/models/vit.py:757: UserWarning: Overwriting vit_base_patch32_384 in registry with models.vit.vit_base_patch32_384. This is because the name being registered conflicts with an existing name. Please check if this is not expected.
  @register_model
/leonardo/home/userexternal/lli00001/dc_inc/baselines/InfLoRA/models/vit.py:767: UserWarning: Overwriting vit_base_patch16_224 in registry with models.vit.vit_base_patch16_224. This is because the name being registered conflicts with an existing name. Please check if this is not expected.
  @register_model
/leonardo/home/userexternal/lli00001/dc_inc/baselines/InfLoRA/models/vit.py:777: UserWarning: Overwriting vit_base_patch16_384 in registry with models.vit.vit_base_patch16_384. This is because the name being registered conflicts with an existing name. Please check if this is not expected.
  @register_model
/leonardo/home/userexternal/lli00001/dc_inc/baselines/InfLoRA/models/vit.py:787: UserWarning: Overwriting vit_base_patch8_224 in registry with models.vit.vit_base_patch8_224. This is because the name being registered conflicts with an existing name. Please check if this is not expected.
  @register_model
/leonardo/home/userexternal/lli00001/dc_inc/baselines/InfLoRA/models/vit.py:797: UserWarning: Overwriting vit_large_patch32_224 in registry with models.vit.vit_large_patch32_224. This is because the name being registered conflicts with an existing name. Please check if this is not expected.
  @register_model
/leonardo/home/userexternal/lli00001/dc_inc/baselines/InfLoRA/models/vit.py:806: UserWarning: Overwriting vit_large_patch32_384 in registry with models.vit.vit_large_patch32_384. This is because the name being registered conflicts with an existing name. Please check if this is not expected.
  @register_model
/leonardo/home/userexternal/lli00001/dc_inc/baselines/InfLoRA/models/vit.py:816: UserWarning: Overwriting vit_large_patch16_224 in registry with models.vit.vit_large_patch16_224. This is because the name being registered conflicts with an existing name. Please check if this is not expected.
  @register_model
/leonardo/home/userexternal/lli00001/dc_inc/baselines/InfLoRA/models/vit.py:826: UserWarning: Overwriting vit_large_patch16_384 in registry with models.vit.vit_large_patch16_384. This is because the name being registered conflicts with an existing name. Please check if this is not expected.
  @register_model
/leonardo/home/userexternal/lli00001/dc_inc/baselines/InfLoRA/models/vit.py:836: UserWarning: Overwriting vit_large_patch14_224 in registry with models.vit.vit_large_patch14_224. This is because the name being registered conflicts with an existing name. Please check if this is not expected.
  @register_model
/leonardo/home/userexternal/lli00001/dc_inc/baselines/InfLoRA/models/vit.py:845: UserWarning: Overwriting vit_huge_patch14_224 in registry with models.vit.vit_huge_patch14_224. This is because the name being registered conflicts with an existing name. Please check if this is not expected.
  @register_model
/leonardo/home/userexternal/lli00001/dc_inc/baselines/InfLoRA/models/vit.py:854: UserWarning: Overwriting vit_giant_patch14_224 in registry with models.vit.vit_giant_patch14_224. This is because the name being registered conflicts with an existing name. Please check if this is not expected.
  @register_model
/leonardo/home/userexternal/lli00001/dc_inc/baselines/InfLoRA/models/vit.py:863: UserWarning: Overwriting vit_gigantic_patch14_224 in registry with models.vit.vit_gigantic_patch14_224. This is because the name being registered conflicts with an existing name. Please check if this is not expected.
  @register_model
/leonardo/home/userexternal/lli00001/dc_inc/baselines/InfLoRA/models/vit.py:872: UserWarning: Overwriting vit_tiny_patch16_224_in21k in registry with models.vit.vit_tiny_patch16_224_in21k. This is because the name being registered conflicts with an existing name. Please check if this is not expected.
  @register_model
/leonardo/home/userexternal/lli00001/dc_inc/baselines/InfLoRA/models/vit.py:883: UserWarning: Overwriting vit_small_patch32_224_in21k in registry with models.vit.vit_small_patch32_224_in21k. This is because the name being registered conflicts with an existing name. Please check if this is not expected.
  @register_model
/leonardo/home/userexternal/lli00001/dc_inc/baselines/InfLoRA/models/vit.py:894: UserWarning: Overwriting vit_small_patch16_224_in21k in registry with models.vit.vit_small_patch16_224_in21k. This is because the name being registered conflicts with an existing name. Please check if this is not expected.
  @register_model
/leonardo/home/userexternal/lli00001/dc_inc/baselines/InfLoRA/models/vit.py:905: UserWarning: Overwriting vit_base_patch32_224_in21k in registry with models.vit.vit_base_patch32_224_in21k. This is because the name being registered conflicts with an existing name. Please check if this is not expected.
  @register_model
/leonardo/home/userexternal/lli00001/dc_inc/baselines/InfLoRA/models/vit.py:917: UserWarning: Overwriting vit_base_patch16_224_in21k in registry with models.vit.vit_base_patch16_224_in21k. This is because the name being registered conflicts with an existing name. Please check if this is not expected.
  @register_model
/leonardo/home/userexternal/lli00001/dc_inc/baselines/InfLoRA/models/vit.py:929: UserWarning: Overwriting vit_base_patch8_224_in21k in registry with models.vit.vit_base_patch8_224_in21k. This is because the name being registered conflicts with an existing name. Please check if this is not expected.
  @register_model
/leonardo/home/userexternal/lli00001/dc_inc/baselines/InfLoRA/models/vit.py:941: UserWarning: Overwriting vit_large_patch32_224_in21k in registry with models.vit.vit_large_patch32_224_in21k. This is because the name being registered conflicts with an existing name. Please check if this is not expected.
  @register_model
/leonardo/home/userexternal/lli00001/dc_inc/baselines/InfLoRA/models/vit.py:953: UserWarning: Overwriting vit_large_patch16_224_in21k in registry with models.vit.vit_large_patch16_224_in21k. This is because the name being registered conflicts with an existing name. Please check if this is not expected.
  @register_model
/leonardo/home/userexternal/lli00001/dc_inc/baselines/InfLoRA/models/vit.py:965: UserWarning: Overwriting vit_huge_patch14_224_in21k in registry with models.vit.vit_huge_patch14_224_in21k. This is because the name being registered conflicts with an existing name. Please check if this is not expected.
  @register_model
/leonardo/home/userexternal/lli00001/dc_inc/baselines/InfLoRA/models/vit.py:977: UserWarning: Overwriting vit_base_patch16_224_sam in registry with models.vit.vit_base_patch16_224_sam. This is because the name being registered conflicts with an existing name. Please check if this is not expected.
  @register_model
/leonardo/home/userexternal/lli00001/dc_inc/baselines/InfLoRA/models/vit.py:987: UserWarning: Overwriting vit_base_patch32_224_sam in registry with models.vit.vit_base_patch32_224_sam. This is because the name being registered conflicts with an existing name. Please check if this is not expected.
  @register_model
/leonardo/home/userexternal/lli00001/dc_inc/baselines/InfLoRA/models/vit.py:997: UserWarning: Overwriting vit_small_patch16_224_dino in registry with models.vit.vit_small_patch16_224_dino. This is because the name being registered conflicts with an existing name. Please check if this is not expected.
  @register_model
/leonardo/home/userexternal/lli00001/dc_inc/baselines/InfLoRA/models/vit.py:1006: UserWarning: Overwriting vit_small_patch8_224_dino in registry with models.vit.vit_small_patch8_224_dino. This is because the name being registered conflicts with an existing name. Please check if this is not expected.
  @register_model
/leonardo/home/userexternal/lli00001/dc_inc/baselines/InfLoRA/models/vit.py:1015: UserWarning: Overwriting vit_base_patch16_224_dino in registry with models.vit.vit_base_patch16_224_dino. This is because the name being registered conflicts with an existing name. Please check if this is not expected.
  @register_model
/leonardo/home/userexternal/lli00001/dc_inc/baselines/InfLoRA/models/vit.py:1024: UserWarning: Overwriting vit_base_patch8_224_dino in registry with models.vit.vit_base_patch8_224_dino. This is because the name being registered conflicts with an existing name. Please check if this is not expected.
  @register_model
/leonardo/home/userexternal/lli00001/dc_inc/baselines/InfLoRA/models/vit.py:1033: UserWarning: Overwriting vit_base_patch16_224_miil_in21k in registry with models.vit.vit_base_patch16_224_miil_in21k. This is because the name being registered conflicts with an existing name. Please check if this is not expected.
  @register_model
/leonardo/home/userexternal/lli00001/dc_inc/baselines/InfLoRA/models/vit.py:1043: UserWarning: Overwriting vit_base_patch16_224_miil in registry with models.vit.vit_base_patch16_224_miil. This is because the name being registered conflicts with an existing name. Please check if this is not expected.
  @register_model
/leonardo/home/userexternal/lli00001/dc_inc/baselines/InfLoRA/models/vit.py:1053: UserWarning: Overwriting vit_small_patch16_36x1_224 in registry with models.vit.vit_small_patch16_36x1_224. This is because the name being registered conflicts with an existing name. Please check if this is not expected.
  @register_model
/leonardo/home/userexternal/lli00001/dc_inc/baselines/InfLoRA/models/vit.py:1064: UserWarning: Overwriting vit_small_patch16_18x2_224 in registry with models.vit.vit_small_patch16_18x2_224. This is because the name being registered conflicts with an existing name. Please check if this is not expected.
  @register_model
/leonardo/home/userexternal/lli00001/dc_inc/baselines/InfLoRA/models/vit.py:1076: UserWarning: Overwriting vit_base_patch16_18x2_224 in registry with models.vit.vit_base_patch16_18x2_224. This is because the name being registered conflicts with an existing name. Please check if this is not expected.
  @register_model
/leonardo/home/userexternal/lli00001/dc_inc/baselines/InfLoRA/models/vit_inflora.py:730: UserWarning: Overwriting vit_tiny_patch16_224 in registry with models.vit_inflora.vit_tiny_patch16_224. This is because the name being registered conflicts with an existing name. Please check if this is not expected.
  @register_model
/leonardo/home/userexternal/lli00001/dc_inc/baselines/InfLoRA/models/vit_inflora.py:739: UserWarning: Overwriting vit_tiny_patch16_384 in registry with models.vit_inflora.vit_tiny_patch16_384. This is because the name being registered conflicts with an existing name. Please check if this is not expected.
  @register_model
/leonardo/home/userexternal/lli00001/dc_inc/baselines/InfLoRA/models/vit_inflora.py:748: UserWarning: Overwriting vit_small_patch32_224 in registry with models.vit_inflora.vit_small_patch32_224. This is because the name being registered conflicts with an existing name. Please check if this is not expected.
  @register_model
/leonardo/home/userexternal/lli00001/dc_inc/baselines/InfLoRA/models/vit_inflora.py:757: UserWarning: Overwriting vit_small_patch32_384 in registry with models.vit_inflora.vit_small_patch32_384. This is because the name being registered conflicts with an existing name. Please check if this is not expected.
  @register_model
/leonardo/home/userexternal/lli00001/dc_inc/baselines/InfLoRA/models/vit_inflora.py:766: UserWarning: Overwriting vit_small_patch16_224 in registry with models.vit_inflora.vit_small_patch16_224. This is because the name being registered conflicts with an existing name. Please check if this is not expected.
  @register_model
/leonardo/home/userexternal/lli00001/dc_inc/baselines/InfLoRA/models/vit_inflora.py:776: UserWarning: Overwriting vit_small_patch16_384 in registry with models.vit_inflora.vit_small_patch16_384. This is because the name being registered conflicts with an existing name. Please check if this is not expected.
  @register_model
/leonardo/home/userexternal/lli00001/dc_inc/baselines/InfLoRA/models/vit_inflora.py:786: UserWarning: Overwriting vit_base_patch32_224 in registry with models.vit_inflora.vit_base_patch32_224. This is because the name being registered conflicts with an existing name. Please check if this is not expected.
  @register_model
/leonardo/home/userexternal/lli00001/dc_inc/baselines/InfLoRA/models/vit_inflora.py:796: UserWarning: Overwriting vit_base2_patch32_256 in registry with models.vit_inflora.vit_base2_patch32_256. This is because the name being registered conflicts with an existing name. Please check if this is not expected.
  @register_model
/leonardo/home/userexternal/lli00001/dc_inc/baselines/InfLoRA/models/vit_inflora.py:806: UserWarning: Overwriting vit_base_patch32_384 in registry with models.vit_inflora.vit_base_patch32_384. This is because the name being registered conflicts with an existing name. Please check if this is not expected.
  @register_model
/leonardo/home/userexternal/lli00001/dc_inc/baselines/InfLoRA/models/vit_inflora.py:816: UserWarning: Overwriting vit_base_patch16_224 in registry with models.vit_inflora.vit_base_patch16_224. This is because the name being registered conflicts with an existing name. Please check if this is not expected.
  @register_model
/leonardo/home/userexternal/lli00001/dc_inc/baselines/InfLoRA/models/vit_inflora.py:826: UserWarning: Overwriting vit_base_patch16_384 in registry with models.vit_inflora.vit_base_patch16_384. This is because the name being registered conflicts with an existing name. Please check if this is not expected.
  @register_model
/leonardo/home/userexternal/lli00001/dc_inc/baselines/InfLoRA/models/vit_inflora.py:836: UserWarning: Overwriting vit_base_patch8_224 in registry with models.vit_inflora.vit_base_patch8_224. This is because the name being registered conflicts with an existing name. Please check if this is not expected.
  @register_model
/leonardo/home/userexternal/lli00001/dc_inc/baselines/InfLoRA/models/vit_inflora.py:846: UserWarning: Overwriting vit_large_patch32_224 in registry with models.vit_inflora.vit_large_patch32_224. This is because the name being registered conflicts with an existing name. Please check if this is not expected.
  @register_model
/leonardo/home/userexternal/lli00001/dc_inc/baselines/InfLoRA/models/vit_inflora.py:855: UserWarning: Overwriting vit_large_patch32_384 in registry with models.vit_inflora.vit_large_patch32_384. This is because the name being registered conflicts with an existing name. Please check if this is not expected.
  @register_model
/leonardo/home/userexternal/lli00001/dc_inc/baselines/InfLoRA/models/vit_inflora.py:865: UserWarning: Overwriting vit_large_patch16_224 in registry with models.vit_inflora.vit_large_patch16_224. This is because the name being registered conflicts with an existing name. Please check if this is not expected.
  @register_model
/leonardo/home/userexternal/lli00001/dc_inc/baselines/InfLoRA/models/vit_inflora.py:875: UserWarning: Overwriting vit_large_patch16_384 in registry with models.vit_inflora.vit_large_patch16_384. This is because the name being registered conflicts with an existing name. Please check if this is not expected.
  @register_model
/leonardo/home/userexternal/lli00001/dc_inc/baselines/InfLoRA/models/vit_inflora.py:885: UserWarning: Overwriting vit_large_patch14_224 in registry with models.vit_inflora.vit_large_patch14_224. This is because the name being registered conflicts with an existing name. Please check if this is not expected.
  @register_model
/leonardo/home/userexternal/lli00001/dc_inc/baselines/InfLoRA/models/vit_inflora.py:894: UserWarning: Overwriting vit_huge_patch14_224 in registry with models.vit_inflora.vit_huge_patch14_224. This is because the name being registered conflicts with an existing name. Please check if this is not expected.
  @register_model
/leonardo/home/userexternal/lli00001/dc_inc/baselines/InfLoRA/models/vit_inflora.py:903: UserWarning: Overwriting vit_giant_patch14_224 in registry with models.vit_inflora.vit_giant_patch14_224. This is because the name being registered conflicts with an existing name. Please check if this is not expected.
  @register_model
/leonardo/home/userexternal/lli00001/dc_inc/baselines/InfLoRA/models/vit_inflora.py:912: UserWarning: Overwriting vit_gigantic_patch14_224 in registry with models.vit_inflora.vit_gigantic_patch14_224. This is because the name being registered conflicts with an existing name. Please check if this is not expected.
  @register_model
/leonardo/home/userexternal/lli00001/dc_inc/baselines/InfLoRA/models/vit_inflora.py:921: UserWarning: Overwriting vit_tiny_patch16_224_in21k in registry with models.vit_inflora.vit_tiny_patch16_224_in21k. This is because the name being registered conflicts with an existing name. Please check if this is not expected.
  @register_model
/leonardo/home/userexternal/lli00001/dc_inc/baselines/InfLoRA/models/vit_inflora.py:932: UserWarning: Overwriting vit_small_patch32_224_in21k in registry with models.vit_inflora.vit_small_patch32_224_in21k. This is because the name being registered conflicts with an existing name. Please check if this is not expected.
  @register_model
/leonardo/home/userexternal/lli00001/dc_inc/baselines/InfLoRA/models/vit_inflora.py:943: UserWarning: Overwriting vit_small_patch16_224_in21k in registry with models.vit_inflora.vit_small_patch16_224_in21k. This is because the name being registered conflicts with an existing name. Please check if this is not expected.
  @register_model
/leonardo/home/userexternal/lli00001/dc_inc/baselines/InfLoRA/models/vit_inflora.py:954: UserWarning: Overwriting vit_base_patch32_224_in21k in registry with models.vit_inflora.vit_base_patch32_224_in21k. This is because the name being registered conflicts with an existing name. Please check if this is not expected.
  @register_model
/leonardo/home/userexternal/lli00001/dc_inc/baselines/InfLoRA/models/vit_inflora.py:966: UserWarning: Overwriting vit_base_patch16_224_in21k in registry with models.vit_inflora.vit_base_patch16_224_in21k. This is because the name being registered conflicts with an existing name. Please check if this is not expected.
  @register_model
/leonardo/home/userexternal/lli00001/dc_inc/baselines/InfLoRA/models/vit_inflora.py:978: UserWarning: Overwriting vit_base_patch8_224_in21k in registry with models.vit_inflora.vit_base_patch8_224_in21k. This is because the name being registered conflicts with an existing name. Please check if this is not expected.
  @register_model
/leonardo/home/userexternal/lli00001/dc_inc/baselines/InfLoRA/models/vit_inflora.py:990: UserWarning: Overwriting vit_large_patch32_224_in21k in registry with models.vit_inflora.vit_large_patch32_224_in21k. This is because the name being registered conflicts with an existing name. Please check if this is not expected.
  @register_model
/leonardo/home/userexternal/lli00001/dc_inc/baselines/InfLoRA/models/vit_inflora.py:1002: UserWarning: Overwriting vit_large_patch16_224_in21k in registry with models.vit_inflora.vit_large_patch16_224_in21k. This is because the name being registered conflicts with an existing name. Please check if this is not expected.
  @register_model
/leonardo/home/userexternal/lli00001/dc_inc/baselines/InfLoRA/models/vit_inflora.py:1014: UserWarning: Overwriting vit_huge_patch14_224_in21k in registry with models.vit_inflora.vit_huge_patch14_224_in21k. This is because the name being registered conflicts with an existing name. Please check if this is not expected.
  @register_model
/leonardo/home/userexternal/lli00001/dc_inc/baselines/InfLoRA/models/vit_inflora.py:1026: UserWarning: Overwriting vit_base_patch16_224_sam in registry with models.vit_inflora.vit_base_patch16_224_sam. This is because the name being registered conflicts with an existing name. Please check if this is not expected.
  @register_model
/leonardo/home/userexternal/lli00001/dc_inc/baselines/InfLoRA/models/vit_inflora.py:1036: UserWarning: Overwriting vit_base_patch32_224_sam in registry with models.vit_inflora.vit_base_patch32_224_sam. This is because the name being registered conflicts with an existing name. Please check if this is not expected.
  @register_model
/leonardo/home/userexternal/lli00001/dc_inc/baselines/InfLoRA/models/vit_inflora.py:1046: UserWarning: Overwriting vit_small_patch16_224_dino in registry with models.vit_inflora.vit_small_patch16_224_dino. This is because the name being registered conflicts with an existing name. Please check if this is not expected.
  @register_model
/leonardo/home/userexternal/lli00001/dc_inc/baselines/InfLoRA/models/vit_inflora.py:1055: UserWarning: Overwriting vit_small_patch8_224_dino in registry with models.vit_inflora.vit_small_patch8_224_dino. This is because the name being registered conflicts with an existing name. Please check if this is not expected.
  @register_model
/leonardo/home/userexternal/lli00001/dc_inc/baselines/InfLoRA/models/vit_inflora.py:1064: UserWarning: Overwriting vit_base_patch16_224_dino in registry with models.vit_inflora.vit_base_patch16_224_dino. This is because the name being registered conflicts with an existing name. Please check if this is not expected.
  @register_model
/leonardo/home/userexternal/lli00001/dc_inc/baselines/InfLoRA/models/vit_inflora.py:1073: UserWarning: Overwriting vit_base_patch8_224_dino in registry with models.vit_inflora.vit_base_patch8_224_dino. This is because the name being registered conflicts with an existing name. Please check if this is not expected.
  @register_model
/leonardo/home/userexternal/lli00001/dc_inc/baselines/InfLoRA/models/vit_inflora.py:1082: UserWarning: Overwriting vit_base_patch16_224_miil_in21k in registry with models.vit_inflora.vit_base_patch16_224_miil_in21k. This is because the name being registered conflicts with an existing name. Please check if this is not expected.
  @register_model
/leonardo/home/userexternal/lli00001/dc_inc/baselines/InfLoRA/models/vit_inflora.py:1092: UserWarning: Overwriting vit_base_patch16_224_miil in registry with models.vit_inflora.vit_base_patch16_224_miil. This is because the name being registered conflicts with an existing name. Please check if this is not expected.
  @register_model
/leonardo/home/userexternal/lli00001/dc_inc/baselines/InfLoRA/models/vit_inflora.py:1102: UserWarning: Overwriting vit_small_patch16_36x1_224 in registry with models.vit_inflora.vit_small_patch16_36x1_224. This is because the name being registered conflicts with an existing name. Please check if this is not expected.
  @register_model
/leonardo/home/userexternal/lli00001/dc_inc/baselines/InfLoRA/models/vit_inflora.py:1113: UserWarning: Overwriting vit_small_patch16_18x2_224 in registry with models.vit_inflora.vit_small_patch16_18x2_224. This is because the name being registered conflicts with an existing name. Please check if this is not expected.
  @register_model
/leonardo/home/userexternal/lli00001/dc_inc/baselines/InfLoRA/models/vit_inflora.py:1125: UserWarning: Overwriting vit_base_patch16_18x2_224 in registry with models.vit_inflora.vit_base_patch16_18x2_224. This is because the name being registered conflicts with an existing name. Please check if this is not expected.
  @register_model
/leonardo/home/userexternal/lli00001/dc_inc/baselines/InfLoRA/models/sinet_inflora.py:147: FutureWarning: You are using `torch.load` with `weights_only=False` (the current default value), which uses the default pickle module implicitly. It is possible to construct malicious pickle data which will execute arbitrary code during unpickling (See https://github.com/pytorch/pytorch/blob/main/SECURITY.md#untrusted-models for more details). In a future release, the default value for `weights_only` will be flipped to `True`. This limits the functions that could be executed during unpickling. Arbitrary objects will no longer be allowed to be loaded via this mode unless they are explicitly allowlisted by the user via `torch.serialization.add_safe_globals`. We recommend you start setting `weights_only=True` for any use case where you don't have full control of the loaded file. Please open an issue on GitHub for any issues related to this experimental feature.
  state_dict = torch.load(local_ckpt, map_location="cpu")
  0%|          | 0/10 [00:00<?, ?it/s]Task 0, Epoch 1/10 => Loss 0.715, Train_accy 80.67:   0%|          | 0/10 [00:40<?, ?it/s]Task 0, Epoch 1/10 => Loss 0.715, Train_accy 80.67:  10%|█         | 1/10 [00:40<06:00, 40.02s/it]Task 0, Epoch 2/10 => Loss 0.168, Train_accy 95.01:  10%|█         | 1/10 [01:19<06:00, 40.02s/it]Task 0, Epoch 2/10 => Loss 0.168, Train_accy 95.01:  20%|██        | 2/10 [01:19<05:17, 39.74s/it]Task 0, Epoch 3/10 => Loss 0.128, Train_accy 96.09:  20%|██        | 2/10 [01:59<05:17, 39.74s/it]Task 0, Epoch 3/10 => Loss 0.128, Train_accy 96.09:  30%|███       | 3/10 [01:59<04:37, 39.63s/it]Task 0, Epoch 4/10 => Loss 0.110, Train_accy 96.90:  30%|███       | 3/10 [02:38<04:37, 39.63s/it]Task 0, Epoch 4/10 => Loss 0.110, Train_accy 96.90:  40%|████      | 4/10 [02:38<03:57, 39.58s/it]Task 0, Epoch 5/10 => Loss 0.086, Train_accy 97.39:  40%|████      | 4/10 [03:18<03:57, 39.58s/it]Task 0, Epoch 5/10 => Loss 0.086, Train_accy 97.39:  50%|█████     | 5/10 [03:18<03:17, 39.57s/it]Task 0, Epoch 6/10 => Loss 0.084, Train_accy 97.41:  50%|█████     | 5/10 [03:57<03:17, 39.57s/it]Task 0, Epoch 6/10 => Loss 0.084, Train_accy 97.41:  60%|██████    | 6/10 [03:57<02:38, 39.57s/it]Task 0, Epoch 7/10 => Loss 0.075, Train_accy 98.00:  60%|██████    | 6/10 [04:37<02:38, 39.57s/it]Task 0, Epoch 7/10 => Loss 0.075, Train_accy 98.00:  70%|███████   | 7/10 [04:37<01:58, 39.54s/it]Task 0, Epoch 8/10 => Loss 0.066, Train_accy 98.01:  70%|███████   | 7/10 [05:16<01:58, 39.54s/it]Task 0, Epoch 8/10 => Loss 0.066, Train_accy 98.01:  80%|████████  | 8/10 [05:16<01:19, 39.55s/it]Task 0, Epoch 9/10 => Loss 0.068, Train_accy 98.21:  80%|████████  | 8/10 [05:56<01:19, 39.55s/it]Task 0, Epoch 9/10 => Loss 0.068, Train_accy 98.21:  90%|█████████ | 9/10 [05:56<00:39, 39.57s/it]Task 0, Epoch 10/10 => Loss 0.067, Train_accy 97.98:  90%|█████████ | 9/10 [06:35<00:39, 39.57s/it]Task 0, Epoch 10/10 => Loss 0.067, Train_accy 97.98: 100%|██████████| 10/10 [06:35<00:00, 39.56s/it]Task 0, Epoch 10/10 => Loss 0.067, Train_accy 97.98: 100%|██████████| 10/10 [06:35<00:00, 39.59s/it]
  0%|          | 0/10 [00:00<?, ?it/s]Task 1, Epoch 1/10 => Loss 1.380, Train_accy 60.61:   0%|          | 0/10 [00:19<?, ?it/s]Task 1, Epoch 1/10 => Loss 1.380, Train_accy 60.61:  10%|█         | 1/10 [00:19<02:52, 19.20s/it]Task 1, Epoch 2/10 => Loss 0.419, Train_accy 87.35:  10%|█         | 1/10 [00:38<02:52, 19.20s/it]Task 1, Epoch 2/10 => Loss 0.419, Train_accy 87.35:  20%|██        | 2/10 [00:38<02:34, 19.27s/it]Task 1, Epoch 3/10 => Loss 0.339, Train_accy 89.71:  20%|██        | 2/10 [00:57<02:34, 19.27s/it]Task 1, Epoch 3/10 => Loss 0.339, Train_accy 89.71:  30%|███       | 3/10 [00:57<02:14, 19.29s/it]Task 1, Epoch 4/10 => Loss 0.300, Train_accy 90.84:  30%|███       | 3/10 [01:17<02:14, 19.29s/it]Task 1, Epoch 4/10 => Loss 0.300, Train_accy 90.84:  40%|████      | 4/10 [01:17<01:55, 19.30s/it]Task 1, Epoch 5/10 => Loss 0.254, Train_accy 92.38:  40%|████      | 4/10 [01:36<01:55, 19.30s/it]Task 1, Epoch 5/10 => Loss 0.254, Train_accy 92.38:  50%|█████     | 5/10 [01:36<01:36, 19.37s/it]Task 1, Epoch 6/10 => Loss 0.227, Train_accy 92.95:  50%|█████     | 5/10 [01:56<01:36, 19.37s/it]Task 1, Epoch 6/10 => Loss 0.227, Train_accy 92.95:  60%|██████    | 6/10 [01:56<01:17, 19.40s/it]Task 1, Epoch 7/10 => Loss 0.215, Train_accy 93.81:  60%|██████    | 6/10 [02:15<01:17, 19.40s/it]Task 1, Epoch 7/10 => Loss 0.215, Train_accy 93.81:  70%|███████   | 7/10 [02:15<00:58, 19.43s/it]Task 1, Epoch 8/10 => Loss 0.203, Train_accy 94.26:  70%|███████   | 7/10 [02:34<00:58, 19.43s/it]Task 1, Epoch 8/10 => Loss 0.203, Train_accy 94.26:  80%|████████  | 8/10 [02:34<00:38, 19.38s/it]Task 1, Epoch 9/10 => Loss 0.172, Train_accy 94.70:  80%|████████  | 8/10 [02:54<00:38, 19.38s/it]Task 1, Epoch 9/10 => Loss 0.172, Train_accy 94.70:  90%|█████████ | 9/10 [02:54<00:19, 19.35s/it]Task 1, Epoch 10/10 => Loss 0.192, Train_accy 94.50:  90%|█████████ | 9/10 [03:13<00:19, 19.35s/it]Task 1, Epoch 10/10 => Loss 0.192, Train_accy 94.50: 100%|██████████| 10/10 [03:13<00:00, 19.31s/it]Task 1, Epoch 10/10 => Loss 0.192, Train_accy 94.50: 100%|██████████| 10/10 [03:13<00:00, 19.34s/it]
  0%|          | 0/10 [00:00<?, ?it/s]Task 2, Epoch 1/10 => Loss 2.434, Train_accy 33.17:   0%|          | 0/10 [00:09<?, ?it/s]Task 2, Epoch 1/10 => Loss 2.434, Train_accy 33.17:  10%|█         | 1/10 [00:09<01:27,  9.74s/it]Task 2, Epoch 2/10 => Loss 0.960, Train_accy 73.16:  10%|█         | 1/10 [00:19<01:27,  9.74s/it]Task 2, Epoch 2/10 => Loss 0.960, Train_accy 73.16:  20%|██        | 2/10 [00:19<01:18,  9.76s/it]Task 2, Epoch 3/10 => Loss 0.670, Train_accy 81.09:  20%|██        | 2/10 [00:29<01:18,  9.76s/it]Task 2, Epoch 3/10 => Loss 0.670, Train_accy 81.09:  30%|███       | 3/10 [00:29<01:08,  9.74s/it]Task 2, Epoch 4/10 => Loss 0.499, Train_accy 86.11:  30%|███       | 3/10 [00:38<01:08,  9.74s/it]Task 2, Epoch 4/10 => Loss 0.499, Train_accy 86.11:  40%|████      | 4/10 [00:38<00:58,  9.74s/it]Task 2, Epoch 5/10 => Loss 0.450, Train_accy 86.24:  40%|████      | 4/10 [00:48<00:58,  9.74s/it]Task 2, Epoch 5/10 => Loss 0.450, Train_accy 86.24:  50%|█████     | 5/10 [00:48<00:48,  9.75s/it]Task 2, Epoch 6/10 => Loss 0.423, Train_accy 87.35:  50%|█████     | 5/10 [00:58<00:48,  9.75s/it]Task 2, Epoch 6/10 => Loss 0.423, Train_accy 87.35:  60%|██████    | 6/10 [00:58<00:38,  9.74s/it]Task 2, Epoch 7/10 => Loss 0.356, Train_accy 88.96:  60%|██████    | 6/10 [01:08<00:38,  9.74s/it]Task 2, Epoch 7/10 => Loss 0.356, Train_accy 88.96:  70%|███████   | 7/10 [01:08<00:29,  9.76s/it]Task 2, Epoch 8/10 => Loss 0.355, Train_accy 89.15:  70%|███████   | 7/10 [01:18<00:29,  9.76s/it]Task 2, Epoch 8/10 => Loss 0.355, Train_accy 89.15:  80%|████████  | 8/10 [01:18<00:19,  9.76s/it]Task 2, Epoch 9/10 => Loss 0.333, Train_accy 90.76:  80%|████████  | 8/10 [01:27<00:19,  9.76s/it]Task 2, Epoch 9/10 => Loss 0.333, Train_accy 90.76:  90%|█████████ | 9/10 [01:27<00:09,  9.76s/it]Task 2, Epoch 10/10 => Loss 0.332, Train_accy 90.64:  90%|█████████ | 9/10 [01:37<00:09,  9.76s/it]Task 2, Epoch 10/10 => Loss 0.332, Train_accy 90.64: 100%|██████████| 10/10 [01:37<00:00,  9.76s/it]Task 2, Epoch 10/10 => Loss 0.332, Train_accy 90.64: 100%|██████████| 10/10 [01:37<00:00,  9.75s/it]
  0%|          | 0/10 [00:00<?, ?it/s]Task 3, Epoch 1/10 => Loss 1.728, Train_accy 49.19:   0%|          | 0/10 [00:25<?, ?it/s]Task 3, Epoch 1/10 => Loss 1.728, Train_accy 49.19:  10%|█         | 1/10 [00:25<03:51, 25.74s/it]Task 3, Epoch 2/10 => Loss 0.887, Train_accy 73.81:  10%|█         | 1/10 [00:51<03:51, 25.74s/it]Task 3, Epoch 2/10 => Loss 0.887, Train_accy 73.81:  20%|██        | 2/10 [00:51<03:25, 25.74s/it]Task 3, Epoch 3/10 => Loss 0.763, Train_accy 76.82:  20%|██        | 2/10 [01:17<03:25, 25.74s/it]Task 3, Epoch 3/10 => Loss 0.763, Train_accy 76.82:  30%|███       | 3/10 [01:17<03:00, 25.74s/it]Task 3, Epoch 4/10 => Loss 0.686, Train_accy 78.78:  30%|███       | 3/10 [01:42<03:00, 25.74s/it]Task 3, Epoch 4/10 => Loss 0.686, Train_accy 78.78:  40%|████      | 4/10 [01:42<02:34, 25.74s/it]Task 3, Epoch 5/10 => Loss 0.632, Train_accy 80.51:  40%|████      | 4/10 [02:08<02:34, 25.74s/it]Task 3, Epoch 5/10 => Loss 0.632, Train_accy 80.51:  50%|█████     | 5/10 [02:08<02:08, 25.73s/it]Task 3, Epoch 6/10 => Loss 0.583, Train_accy 81.74:  50%|█████     | 5/10 [02:34<02:08, 25.73s/it]Task 3, Epoch 6/10 => Loss 0.583, Train_accy 81.74:  60%|██████    | 6/10 [02:34<01:42, 25.72s/it]Task 3, Epoch 7/10 => Loss 0.573, Train_accy 81.85:  60%|██████    | 6/10 [03:00<01:42, 25.72s/it]Task 3, Epoch 7/10 => Loss 0.573, Train_accy 81.85:  70%|███████   | 7/10 [03:00<01:17, 25.73s/it]Task 3, Epoch 8/10 => Loss 0.539, Train_accy 83.03:  70%|███████   | 7/10 [03:25<01:17, 25.73s/it]Task 3, Epoch 8/10 => Loss 0.539, Train_accy 83.03:  80%|████████  | 8/10 [03:25<00:51, 25.72s/it]Task 3, Epoch 9/10 => Loss 0.519, Train_accy 83.69:  80%|████████  | 8/10 [03:51<00:51, 25.72s/it]Task 3, Epoch 9/10 => Loss 0.519, Train_accy 83.69:  90%|█████████ | 9/10 [03:51<00:25, 25.73s/it]Task 3, Epoch 10/10 => Loss 0.499, Train_accy 84.28:  90%|█████████ | 9/10 [04:17<00:25, 25.73s/it]Task 3, Epoch 10/10 => Loss 0.499, Train_accy 84.28: 100%|██████████| 10/10 [04:17<00:00, 25.72s/it]Task 3, Epoch 10/10 => Loss 0.499, Train_accy 84.28: 100%|██████████| 10/10 [04:17<00:00, 25.73s/it]
  0%|          | 0/10 [00:00<?, ?it/s]Task 4, Epoch 1/10 => Loss 1.636, Train_accy 49.66:   0%|          | 0/10 [00:31<?, ?it/s]Task 4, Epoch 1/10 => Loss 1.636, Train_accy 49.66:  10%|█         | 1/10 [00:31<04:40, 31.17s/it]Task 4, Epoch 2/10 => Loss 0.883, Train_accy 72.54:  10%|█         | 1/10 [01:02<04:40, 31.17s/it]Task 4, Epoch 2/10 => Loss 0.883, Train_accy 72.54:  20%|██        | 2/10 [01:02<04:09, 31.15s/it]Task 4, Epoch 3/10 => Loss 0.766, Train_accy 76.05:  20%|██        | 2/10 [01:33<04:09, 31.15s/it]Task 4, Epoch 3/10 => Loss 0.766, Train_accy 76.05:  30%|███       | 3/10 [01:33<03:38, 31.16s/it]Task 4, Epoch 4/10 => Loss 0.711, Train_accy 77.27:  30%|███       | 3/10 [02:04<03:38, 31.16s/it]Task 4, Epoch 4/10 => Loss 0.711, Train_accy 77.27:  40%|████      | 4/10 [02:04<03:07, 31.18s/it]Task 4, Epoch 5/10 => Loss 0.681, Train_accy 78.21:  40%|████      | 4/10 [02:35<03:07, 31.18s/it]Task 4, Epoch 5/10 => Loss 0.681, Train_accy 78.21:  50%|█████     | 5/10 [02:35<02:35, 31.17s/it]Task 4, Epoch 6/10 => Loss 0.642, Train_accy 79.68:  50%|█████     | 5/10 [03:07<02:35, 31.17s/it]Task 4, Epoch 6/10 => Loss 0.642, Train_accy 79.68:  60%|██████    | 6/10 [03:07<02:04, 31.18s/it]Task 4, Epoch 7/10 => Loss 0.618, Train_accy 79.52:  60%|██████    | 6/10 [03:38<02:04, 31.18s/it]Task 4, Epoch 7/10 => Loss 0.618, Train_accy 79.52:  70%|███████   | 7/10 [03:38<01:33, 31.19s/it]Task 4, Epoch 8/10 => Loss 0.599, Train_accy 81.20:  70%|███████   | 7/10 [04:09<01:33, 31.19s/it]Task 4, Epoch 8/10 => Loss 0.599, Train_accy 81.20:  80%|████████  | 8/10 [04:09<01:02, 31.18s/it]Task 4, Epoch 9/10 => Loss 0.597, Train_accy 80.84:  80%|████████  | 8/10 [04:40<01:02, 31.18s/it]Task 4, Epoch 9/10 => Loss 0.597, Train_accy 80.84:  90%|█████████ | 9/10 [04:40<00:31, 31.17s/it]Task 4, Epoch 10/10 => Loss 0.577, Train_accy 81.57:  90%|█████████ | 9/10 [05:11<00:31, 31.17s/it]Task 4, Epoch 10/10 => Loss 0.577, Train_accy 81.57: 100%|██████████| 10/10 [05:11<00:00, 31.18s/it]Task 4, Epoch 10/10 => Loss 0.577, Train_accy 81.57: 100%|██████████| 10/10 [05:11<00:00, 31.17s/it]
  0%|          | 0/10 [00:00<?, ?it/s]Task 5, Epoch 1/10 => Loss 2.310, Train_accy 31.95:   0%|          | 0/10 [00:24<?, ?it/s]Task 5, Epoch 1/10 => Loss 2.310, Train_accy 31.95:  10%|█         | 1/10 [00:24<03:41, 24.59s/it]Task 5, Epoch 2/10 => Loss 1.557, Train_accy 53.93:  10%|█         | 1/10 [00:49<03:41, 24.59s/it]Task 5, Epoch 2/10 => Loss 1.557, Train_accy 53.93:  20%|██        | 2/10 [00:49<03:16, 24.61s/it]Task 5, Epoch 3/10 => Loss 1.392, Train_accy 58.29:  20%|██        | 2/10 [01:13<03:16, 24.61s/it]Task 5, Epoch 3/10 => Loss 1.392, Train_accy 58.29:  30%|███       | 3/10 [01:13<02:52, 24.63s/it]Task 5, Epoch 4/10 => Loss 1.320, Train_accy 60.35:  30%|███       | 3/10 [01:38<02:52, 24.63s/it]Task 5, Epoch 4/10 => Loss 1.320, Train_accy 60.35:  40%|████      | 4/10 [01:38<02:27, 24.66s/it]Task 5, Epoch 5/10 => Loss 1.241, Train_accy 61.99:  40%|████      | 4/10 [02:03<02:27, 24.66s/it]Task 5, Epoch 5/10 => Loss 1.241, Train_accy 61.99:  50%|█████     | 5/10 [02:03<02:03, 24.65s/it]Task 5, Epoch 6/10 => Loss 1.198, Train_accy 62.94:  50%|█████     | 5/10 [02:27<02:03, 24.65s/it]Task 5, Epoch 6/10 => Loss 1.198, Train_accy 62.94:  60%|██████    | 6/10 [02:27<01:38, 24.68s/it]Task 5, Epoch 7/10 => Loss 1.141, Train_accy 64.97:  60%|██████    | 6/10 [02:52<01:38, 24.68s/it]Task 5, Epoch 7/10 => Loss 1.141, Train_accy 64.97:  70%|███████   | 7/10 [02:52<01:14, 24.72s/it]Task 5, Epoch 8/10 => Loss 1.112, Train_accy 66.47:  70%|███████   | 7/10 [03:17<01:14, 24.72s/it]Task 5, Epoch 8/10 => Loss 1.112, Train_accy 66.47:  80%|████████  | 8/10 [03:17<00:49, 24.72s/it]Task 5, Epoch 9/10 => Loss 1.066, Train_accy 67.31:  80%|████████  | 8/10 [03:42<00:49, 24.72s/it]Task 5, Epoch 9/10 => Loss 1.066, Train_accy 67.31:  90%|█████████ | 9/10 [03:42<00:24, 24.73s/it]Task 5, Epoch 10/10 => Loss 1.050, Train_accy 68.11:  90%|█████████ | 9/10 [04:06<00:24, 24.73s/it]Task 5, Epoch 10/10 => Loss 1.050, Train_accy 68.11: 100%|██████████| 10/10 [04:06<00:00, 24.70s/it]Task 5, Epoch 10/10 => Loss 1.050, Train_accy 68.11: 100%|██████████| 10/10 [04:06<00:00, 24.69s/it]
